Build started 2015-08-21 19:08:13.
     1>Project "C:\Users\DOMINIKA\Documents\Visual Studio 2010\Projects\SpiralArray\SpiralArray.vcxproj" on node 2 (build target(s)).
     1>InitializeBuildStatus:
         Creating "Debug\SpiralArray.unsuccessfulbuild" because "AlwaysCreate" was specified.
       ClCompile:
         All outputs are up-to-date.
         e:\Microsoft Visual Studio 10.0\VC\bin\CL.exe /c /ZI /nologo /W3 /WX- /Od /Oy- /D WIN32 /D _DEBUG /D _CONSOLE /D _UNICODE /D UNICODE /Gm /EHsc /RTC1 /MDd /GS /fp:precise /Zc:wchar_t /Zc:forScope /Yu"StdAfx.h" /Fp"Debug\SpiralArray.pch" /Fo"Debug\\" /Fd"Debug\vc100.pdb" /Gd /TP /analyze- /errorReport:prompt SpiralArray.cpp
         SpiralArray.cpp
     1>c:\users\dominika\documents\visual studio 2010\projects\spiralarray\spiralarray.cpp(48): warning C4244: 'initializing' : conversion from 'double' to 'int', possible loss of data
       ManifestResourceCompile:
         All outputs are up-to-date.
       Link:
         e:\Microsoft Visual Studio 10.0\VC\bin\link.exe /ERRORREPORT:PROMPT /OUT:"C:\Users\DOMINIKA\documents\visual studio 2010\Projects\Projekt\Debug\SpiralArray.exe" /INCREMENTAL /NOLOGO kernel32.lib user32.lib gdi32.lib winspool.lib comdlg32.lib advapi32.lib shell32.lib ole32.lib oleaut32.lib uuid.lib odbc32.lib odbccp32.lib /MANIFEST /ManifestFile:"Debug\SpiralArray.exe.intermediate.manifest" /MANIFESTUAC:"level='asInvoker' uiAccess='false'" /DEBUG /PDB:"C:\Users\DOMINIKA\documents\visual studio 2010\Projects\Projekt\Debug\SpiralArray.pdb" /SUBSYSTEM:CONSOLE /TLBID:1 /DYNAMICBASE /NXCOMPAT /IMPLIB:"C:\Users\DOMINIKA\documents\visual studio 2010\Projects\Projekt\Debug\SpiralArray.lib" /MACHINE:X86 Debug\SpiralArray.exe.embed.manifest.res
         Debug\SpiralArray.obj
         Debug\stdafx.obj
       Manifest:
         C:\Program Files (x86)\Microsoft SDKs\Windows\v7.0A\bin\mt.exe /nologo /verbose /out:"Debug\SpiralArray.exe.embed.manifest" /manifest Debug\SpiralArray.exe.intermediate.manifest
         All outputs are up-to-date.
       LinkEmbedManifest:
         All outputs are up-to-date.
         SpiralArray.vcxproj -> C:\Users\DOMINIKA\documents\visual studio 2010\Projects\Projekt\Debug\SpiralArray.exe
       FinalizeBuildStatus:
         Deleting file "Debug\SpiralArray.unsuccessfulbuild".
         Touching "Debug\SpiralArray.lastbuildstate".
     1>Done Building Project "C:\Users\DOMINIKA\Documents\Visual Studio 2010\Projects\SpiralArray\SpiralArray.vcxproj" (build target(s)).

Build succeeded.

Time Elapsed 00:00:04.02
